START-OF-FILE
SERVER=ftp1ny
REQUESTFILENAME=FundDa201701111035.req
FIRMNAME=dl788853
FILETYPE=pc
COMPRESS=Yes
REPLYFILENAME=rFundDa201701111035
RUNDATE=20170111
PROGRAMFLAG=oneshot
DATEFORMAT=yyyy/mm/dd
SECID=TICKER
=Yes
SECMASTER=Yes
YELLOWKEY=Equity
OUTPUTFORMAT=bulklist
HEADER=yes
PROGRAMNAME=getdata


START-OF-FIELDS
NAME_CHINESE_TRADITIONAL
LONG_COMPANY_NAME_REALTIME
ID_ISIN
FUND_INCEPT_DT
CNTRY_ISSUE_ISO
CRNCY
FUND_GEO_FOCUS
FUND_STRATEGY
FUND_ASSET_CLASS_FOCUS
FUND_TOTAL_ASSETS
FUND_TOTAL_ASSETS_CRNCY
FUND_TOTAL_ASSETS_DT
CNTRY_OF_INCORPORATION
END-OF-FIELDS

START-OF-DATA
FFJPANY LX Equity
END-OF-DATA
END-OF-FILE
